# JRE version: OpenJDK Runtime Environment (8.0_212-b04) (build 1.8.0_212-release-1586-b04)
# Java VM: OpenJDK 64-Bit Server VM (25.212-b04 mixed mode windows-amd64 compressed oops)
Heap:
 PSYoungGen      total 146432K, used 134627K [0x00000000e0000000, 0x00000000ea600000, 0x0000000100000000)
  eden space 134144K, 91% used [0x00000000e0000000,0x00000000e777f3b0,0x00000000e8300000)
  from space 12288K, 99% used [0x00000000e9a00000,0x00000000ea5f9a90,0x00000000ea600000)
  to   space 14848K, 0% used [0x00000000e8900000,0x00000000e8900000,0x00000000e9780000)
 ParOldGen       total 91648K, used 19588K [0x00000000a0000000, 0x00000000a5980000, 0x00000000e0000000)
  object space 91648K, 21% used [0x00000000a0000000,0x00000000a1321038,0x00000000a5980000)
 Metaspace       used 55445K, capacity 57084K, committed 57216K, reserved 1097728K
  class space    used 7640K, capacity 8045K, committed 8064K, reserved 1048576K
GC Heap History (10 events):
Event: 4.413 GC heap before
{Heap before GC invocations=8 (full 1):
 PSYoungGen      total 76800K, used 66048K [0x00000000e0000000, 0x00000000e5700000, 0x0000000100000000)
  eden space 66048K, 100% used [0x00000000e0000000,0x00000000e4080000,0x00000000e4080000)
  from space 10752K, 0% used [0x00000000e4b80000,0x00000000e4b80000,0x00000000e5600000)
  to   space 11264K, 0% used [0x00000000e4080000,0x00000000e4080000,0x00000000e4b80000)
 ParOldGen       total 59904K, used 9280K [0x00000000a0000000, 0x00000000a3a80000, 0x00000000e0000000)
  object space 59904K, 15% used [0x00000000a0000000,0x00000000a0910318,0x00000000a3a80000)
 Metaspace       used 29028K, capacity 29548K, committed 29952K, reserved 1075200K
  class space    used 3913K, capacity 4067K, committed 4096K, reserved 1048576K
Event: 4.421 GC heap after
Heap after GC invocations=8 (full 1):
 PSYoungGen      total 77312K, used 8268K [0x00000000e0000000, 0x00000000e7d80000, 0x0000000100000000)
  eden space 66048K, 0% used [0x00000000e0000000,0x00000000e0000000,0x00000000e4080000)
  from space 11264K, 73% used [0x00000000e4080000,0x00000000e4893038,0x00000000e4b80000)
  to   space 11264K, 0% used [0x00000000e7280000,0x00000000e7280000,0x00000000e7d80000)
 ParOldGen       total 59904K, used 9288K [0x00000000a0000000, 0x00000000a3a80000, 0x00000000e0000000)
  object space 59904K, 15% used [0x00000000a0000000,0x00000000a0912318,0x00000000a3a80000)
 Metaspace       used 29028K, capacity 29548K, committed 29952K, reserved 1075200K
  class space    used 3913K, capacity 4067K, committed 4096K, reserved 1048576K
}
Event: 5.115 GC heap before
{Heap before GC invocations=9 (full 1):
 PSYoungGen      total 77312K, used 74316K [0x00000000e0000000, 0x00000000e7d80000, 0x0000000100000000)
  eden space 66048K, 100% used [0x00000000e0000000,0x00000000e4080000,0x00000000e4080000)
  from space 11264K, 73% used [0x00000000e4080000,0x00000000e4893038,0x00000000e4b80000)
  to   space 11264K, 0% used [0x00000000e7280000,0x00000000e7280000,0x00000000e7d80000)
 ParOldGen       total 59904K, used 9288K [0x00000000a0000000, 0x00000000a3a80000, 0x00000000e0000000)
  object space 59904K, 15% used [0x00000000a0000000,0x00000000a0912318,0x00000000a3a80000)
 Metaspace       used 32004K, capacity 32516K, committed 32768K, reserved 1077248K
  class space    used 4390K, capacity 4587K, committed 4608K, reserved 1048576K
Event: 5.128 GC heap after
Heap after GC invocations=9 (full 1):
 PSYoungGen      total 116736K, used 8400K [0x00000000e0000000, 0x00000000e8000000, 0x0000000100000000)
  eden space 105472K, 0% used [0x00000000e0000000,0x00000000e0000000,0x00000000e6700000)
  from space 11264K, 74% used [0x00000000e7280000,0x00000000e7ab4060,0x00000000e7d80000)
  to   space 11776K, 0% used [0x00000000e6700000,0x00000000e6700000,0x00000000e7280000)
 ParOldGen       total 59904K, used 9296K [0x00000000a0000000, 0x00000000a3a80000, 0x00000000e0000000)
  object space 59904K, 15% used [0x00000000a0000000,0x00000000a0914318,0x00000000a3a80000)
 Metaspace       used 32004K, capacity 32516K, committed 32768K, reserved 1077248K
  class space    used 4390K, capacity 4587K, committed 4608K, reserved 1048576K
}
Event: 5.892 GC heap before
{Heap before GC invocations=10 (full 1):
 PSYoungGen      total 116736K, used 71695K [0x00000000e0000000, 0x00000000e8000000, 0x0000000100000000)
  eden space 105472K, 60% used [0x00000000e0000000,0x00000000e3dcfea8,0x00000000e6700000)
  from space 11264K, 74% used [0x00000000e7280000,0x00000000e7ab4060,0x00000000e7d80000)
  to   space 11776K, 0% used [0x00000000e6700000,0x00000000e6700000,0x00000000e7280000)
 ParOldGen       total 59904K, used 9296K [0x00000000a0000000, 0x00000000a3a80000, 0x00000000e0000000)
  object space 59904K, 15% used [0x00000000a0000000,0x00000000a0914318,0x00000000a3a80000)
 Metaspace       used 34562K, capacity 35396K, committed 35456K, reserved 1079296K
  class space    used 4751K, capacity 4967K, committed 4992K, reserved 1048576K
Event: 5.902 GC heap after
Heap after GC invocations=10 (full 1):
 PSYoungGen      total 117248K, used 10081K [0x00000000e0000000, 0x00000000ea600000, 0x0000000100000000)
  eden space 105472K, 0% used [0x00000000e0000000,0x00000000e0000000,0x00000000e6700000)
  from space 11776K, 85% used [0x00000000e6700000,0x00000000e70d85f0,0x00000000e7280000)
  to   space 12288K, 0% used [0x00000000e9a00000,0x00000000e9a00000,0x00000000ea600000)
 ParOldGen       total 59904K, used 9304K [0x00000000a0000000, 0x00000000a3a80000, 0x00000000e0000000)
  object space 59904K, 15% used [0x00000000a0000000,0x00000000a0916318,0x00000000a3a80000)
 Metaspace       used 34562K, capacity 35396K, committed 35456K, reserved 1079296K
  class space    used 4751K, capacity 4967K, committed 4992K, reserved 1048576K
}
Event: 5.902 GC heap before
{Heap before GC invocations=11 (full 2):
 PSYoungGen      total 117248K, used 10081K [0x00000000e0000000, 0x00000000ea600000, 0x0000000100000000)
  eden space 105472K, 0% used [0x00000000e0000000,0x00000000e0000000,0x00000000e6700000)
  from space 11776K, 85% used [0x00000000e6700000,0x00000000e70d85f0,0x00000000e7280000)
  to   space 12288K, 0% used [0x00000000e9a00000,0x00000000e9a00000,0x00000000ea600000)
 ParOldGen       total 59904K, used 9304K [0x00000000a0000000, 0x00000000a3a80000, 0x00000000e0000000)
  object space 59904K, 15% used [0x00000000a0000000,0x00000000a0916318,0x00000000a3a80000)
 Metaspace       used 34562K, capacity 35396K, committed 35456K, reserved 1079296K
  class space    used 4751K, capacity 4967K, committed 4992K, reserved 1048576K
Event: 5.955 GC heap after
Heap after GC invocations=11 (full 2):
 PSYoungGen      total 117248K, used 0K [0x00000000e0000000, 0x00000000ea600000, 0x0000000100000000)
  eden space 105472K, 0% used [0x00000000e0000000,0x00000000e0000000,0x00000000e6700000)
  from space 11776K, 0% used [0x00000000e6700000,0x00000000e6700000,0x00000000e7280000)
  to   space 12288K, 0% used [0x00000000e9a00000,0x00000000e9a00000,0x00000000ea600000)
 ParOldGen       total 91648K, used 16901K [0x00000000a0000000, 0x00000000a5980000, 0x00000000e0000000)
  object space 91648K, 18% used [0x00000000a0000000,0x00000000a1081638,0x00000000a5980000)
 Metaspace       used 34539K, capacity 35318K, committed 35456K, reserved 1079296K
  class space    used 4744K, capacity 4954K, committed 4992K, reserved 1048576K
}
Event: 8.164 GC heap before
{Heap before GC invocations=12 (full 2):
 PSYoungGen      total 117248K, used 105472K [0x00000000e0000000, 0x00000000ea600000, 0x0000000100000000)
  eden space 105472K, 100% used [0x00000000e0000000,0x00000000e6700000,0x00000000e6700000)
  from space 11776K, 0% used [0x00000000e6700000,0x00000000e6700000,0x00000000e7280000)
  to   space 12288K, 0% used [0x00000000e9a00000,0x00000000e9a00000,0x00000000ea600000)
 ParOldGen       total 91648K, used 16901K [0x00000000a0000000, 0x00000000a5980000, 0x00000000e0000000)
  object space 91648K, 18% used [0x00000000a0000000,0x00000000a1081638,0x00000000a5980000)
 Metaspace       used 45109K, capacity 46232K, committed 46336K, reserved 1089536K
  class space    used 6061K, capacity 6362K, committed 6400K, reserved 1048576K
Event: 8.183 GC heap after
Heap after GC invocations=12 (full 2):
 PSYoungGen      total 146432K, used 12262K [0x00000000e0000000, 0x00000000ea600000, 0x0000000100000000)
  eden space 134144K, 0% used [0x00000000e0000000,0x00000000e0000000,0x00000000e8300000)
  from space 12288K, 99% used [0x00000000e9a00000,0x00000000ea5f9a90,0x00000000ea600000)
  to   space 14848K, 0% used [0x00000000e8900000,0x00000000e8900000,0x00000000e9780000)
 ParOldGen       total 91648K, used 19588K [0x00000000a0000000, 0x00000000a5980000, 0x00000000e0000000)
  object space 91648K, 21% used [0x00000000a0000000,0x00000000a1321038,0x00000000a5980000)
 Metaspace       used 45109K, capacity 46232K, committed 46336K, reserved 1089536K
  class space    used 6061K, capacity 6362K, committed 6400K, reserved 1048576K
}

